[0202/085804.216:INFO:CONSOLE(7)] "THREE.ColladaLoader: File version 1.4.0", source: file:///C:/Program%20Files/AnyLogic%208.9%20Personal%20Learning%20Edition/plugins/com.anylogic.graphics3d_8.9.7.202512121156/static/init.js (7)
[0202/085804.278:INFO:CONSOLE(13)] "Loaded: file:C:/Users/OLAOYE BUKOLA/OneDrive/Documents/VICTORY/PROJECTS/multi-citerion-decision-making-framework-for-the-control-of-4-junction-traffic-using-ai/mainTraffic/3d/building_1.dae", source: file:///C:/Program%20Files/AnyLogic%208.9%20Personal%20Learning%20Edition/plugins/com.anylogic.graphics3d_8.9.7.202512121156/static/init.js (13)
[0202/085804.281:INFO:CONSOLE(13)] "Loaded: file:C:/Users/OLAOYE BUKOLA/OneDrive/Documents/VICTORY/PROJECTS/multi-citerion-decision-making-framework-for-the-control-of-4-junction-traffic-using-ai/mainTraffic/3d/building_1.dae", source: file:///C:/Program%20Files/AnyLogic%208.9%20Personal%20Learning%20Edition/plugins/com.anylogic.graphics3d_8.9.7.202512121156/static/init.js (13)
[0202/085804.480:INFO:CONSOLE(7)] "THREE.ColladaLoader: File version 1.4.0", source: file:///C:/Program%20Files/AnyLogic%208.9%20Personal%20Learning%20Edition/plugins/com.anylogic.graphics3d_8.9.7.202512121156/static/init.js (7)
[0202/085804.525:INFO:CONSOLE(13)] "Loaded: file:C:/Users/OLAOYE BUKOLA/OneDrive/Documents/VICTORY/PROJECTS/multi-citerion-decision-making-framework-for-the-control-of-4-junction-traffic-using-ai/mainTraffic/3d/house.dae", source: file:///C:/Program%20Files/AnyLogic%208.9%20Personal%20Learning%20Edition/plugins/com.anylogic.graphics3d_8.9.7.202512121156/static/init.js (13)
[0202/085804.541:INFO:CONSOLE(13)] "Loaded: file:C:/Users/OLAOYE BUKOLA/OneDrive/Documents/VICTORY/PROJECTS/multi-citerion-decision-making-framework-for-the-control-of-4-junction-traffic-using-ai/mainTraffic/3d/house.dae", source: file:///C:/Program%20Files/AnyLogic%208.9%20Personal%20Learning%20Edition/plugins/com.anylogic.graphics3d_8.9.7.202512121156/static/init.js (13)
[0202/090001.262:ERROR:gpu_init.cc(523)] Passthrough is not supported, GL is disabled, ANGLE is 
[0202/090057.124:INFO:CONSOLE(13)] "Loaded: file:C:/Users/OLAOYE BUKOLA/OneDrive/Documents/VICTORY/PROJECTS/multi-citerion-decision-making-framework-for-the-control-of-4-junction-traffic-using-ai/mainTraffic/3d/building_1.dae", source: file:///C:/Program%20Files/AnyLogic%208.9%20Personal%20Learning%20Edition/plugins/com.anylogic.graphics3d_8.9.7.202512121156/static/init.js (13)
[0202/090057.156:INFO:CONSOLE(13)] "Loaded: file:C:/Users/OLAOYE BUKOLA/OneDrive/Documents/VICTORY/PROJECTS/multi-citerion-decision-making-framework-for-the-control-of-4-junction-traffic-using-ai/mainTraffic/3d/house.dae", source: file:///C:/Program%20Files/AnyLogic%208.9%20Personal%20Learning%20Edition/plugins/com.anylogic.graphics3d_8.9.7.202512121156/static/init.js (13)
[0202/090324.025:INFO:CONSOLE(7)] "THREE.ColladaLoader: File version 1.4.0", source: file:///C:/Program%20Files/AnyLogic%208.9%20Personal%20Learning%20Edition/plugins/com.anylogic.graphics3d_8.9.7.202512121156/static/init.js (7)
[0202/090324.074:INFO:CONSOLE(13)] "Loaded: file:C:/Users/OLAOYE BUKOLA/OneDrive/Documents/VICTORY/PROJECTS/multi-citerion-decision-making-framework-for-the-control-of-4-junction-traffic-using-ai/mcdmframework/3d/building_1.dae", source: file:///C:/Program%20Files/AnyLogic%208.9%20Personal%20Learning%20Edition/plugins/com.anylogic.graphics3d_8.9.7.202512121156/static/init.js (13)
[0202/090324.172:INFO:CONSOLE(13)] "Loaded: file:C:/Users/OLAOYE BUKOLA/OneDrive/Documents/VICTORY/PROJECTS/multi-citerion-decision-making-framework-for-the-control-of-4-junction-traffic-using-ai/mcdmframework/3d/building_1.dae", source: file:///C:/Program%20Files/AnyLogic%208.9%20Personal%20Learning%20Edition/plugins/com.anylogic.graphics3d_8.9.7.202512121156/static/init.js (13)
[0202/090324.256:INFO:CONSOLE(7)] "THREE.ColladaLoader: File version 1.4.0", source: file:///C:/Program%20Files/AnyLogic%208.9%20Personal%20Learning%20Edition/plugins/com.anylogic.graphics3d_8.9.7.202512121156/static/init.js (7)
[0202/090324.305:INFO:CONSOLE(13)] "Loaded: file:C:/Users/OLAOYE BUKOLA/OneDrive/Documents/VICTORY/PROJECTS/multi-citerion-decision-making-framework-for-the-control-of-4-junction-traffic-using-ai/mcdmframework/3d/house.dae", source: file:///C:/Program%20Files/AnyLogic%208.9%20Personal%20Learning%20Edition/plugins/com.anylogic.graphics3d_8.9.7.202512121156/static/init.js (13)
[0202/090324.314:INFO:CONSOLE(13)] "Loaded: file:C:/Users/OLAOYE BUKOLA/OneDrive/Documents/VICTORY/PROJECTS/multi-citerion-decision-making-framework-for-the-control-of-4-junction-traffic-using-ai/mcdmframework/3d/house.dae", source: file:///C:/Program%20Files/AnyLogic%208.9%20Personal%20Learning%20Edition/plugins/com.anylogic.graphics3d_8.9.7.202512121156/static/init.js (13)
[0202/090332.836:INFO:CONSOLE(13)] "Loaded: file:C:/Users/OLAOYE BUKOLA/OneDrive/Documents/VICTORY/PROJECTS/multi-citerion-decision-making-framework-for-the-control-of-4-junction-traffic-using-ai/mcdmframework/3d/building_1.dae", source: file:///C:/Program%20Files/AnyLogic%208.9%20Personal%20Learning%20Edition/plugins/com.anylogic.graphics3d_8.9.7.202512121156/static/init.js (13)
[0202/090332.868:INFO:CONSOLE(13)] "Loaded: file:C:/Users/OLAOYE BUKOLA/OneDrive/Documents/VICTORY/PROJECTS/multi-citerion-decision-making-framework-for-the-control-of-4-junction-traffic-using-ai/mcdmframework/3d/house.dae", source: file:///C:/Program%20Files/AnyLogic%208.9%20Personal%20Learning%20Edition/plugins/com.anylogic.graphics3d_8.9.7.202512121156/static/init.js (13)
[0202/090735.311:INFO:CONSOLE(13)] "Loaded: file:C:/Users/OLAOYE BUKOLA/OneDrive/Documents/VICTORY/PROJECTS/multi-citerion-decision-making-framework-for-the-control-of-4-junction-traffic-using-ai/mcdmframework/3d/house.dae", source: file:///C:/Program%20Files/AnyLogic%208.9%20Personal%20Learning%20Edition/plugins/com.anylogic.graphics3d_8.9.7.202512121156/static/init.js (13)
[0202/090735.335:INFO:CONSOLE(13)] "Loaded: file:C:/Users/OLAOYE BUKOLA/OneDrive/Documents/VICTORY/PROJECTS/multi-citerion-decision-making-framework-for-the-control-of-4-junction-traffic-using-ai/mcdmframework/3d/house.dae", source: file:///C:/Program%20Files/AnyLogic%208.9%20Personal%20Learning%20Edition/plugins/com.anylogic.graphics3d_8.9.7.202512121156/static/init.js (13)
[0202/090735.351:INFO:CONSOLE(13)] "Loaded: file:C:/Users/OLAOYE BUKOLA/OneDrive/Documents/VICTORY/PROJECTS/multi-citerion-decision-making-framework-for-the-control-of-4-junction-traffic-using-ai/mcdmframework/3d/house.dae", source: file:///C:/Program%20Files/AnyLogic%208.9%20Personal%20Learning%20Edition/plugins/com.anylogic.graphics3d_8.9.7.202512121156/static/init.js (13)
[0202/110607.875:INFO:CONSOLE(7)] "THREE.ColladaLoader: File version 1.4.0", source: file:///C:/Program%20Files/AnyLogic%208.9%20Personal%20Learning%20Edition/plugins/com.anylogic.graphics3d_8.9.7.202512121156/static/init.js (7)
[0202/110607.903:INFO:CONSOLE(13)] "Loaded: file:C:/Users/OLAOYE BUKOLA/OneDrive/Documents/VICTORY/PROJECTS/multi-citerion-decision-making-framework-for-the-control-of-4-junction-traffic-using-ai/mainTraffic/3d/building_1.dae", source: file:///C:/Program%20Files/AnyLogic%208.9%20Personal%20Learning%20Edition/plugins/com.anylogic.graphics3d_8.9.7.202512121156/static/init.js (13)
[0202/110608.035:INFO:CONSOLE(13)] "Loaded: file:C:/Users/OLAOYE BUKOLA/OneDrive/Documents/VICTORY/PROJECTS/multi-citerion-decision-making-framework-for-the-control-of-4-junction-traffic-using-ai/mainTraffic/3d/building_1.dae", source: file:///C:/Program%20Files/AnyLogic%208.9%20Personal%20Learning%20Edition/plugins/com.anylogic.graphics3d_8.9.7.202512121156/static/init.js (13)
[0202/110608.046:INFO:CONSOLE(13)] "Loaded: file:C:/Users/OLAOYE BUKOLA/OneDrive/Documents/VICTORY/PROJECTS/multi-citerion-decision-making-framework-for-the-control-of-4-junction-traffic-using-ai/mainTraffic/3d/building_1.dae", source: file:///C:/Program%20Files/AnyLogic%208.9%20Personal%20Learning%20Edition/plugins/com.anylogic.graphics3d_8.9.7.202512121156/static/init.js (13)
[0202/110805.422:ERROR:gpu_init.cc(523)] Passthrough is not supported, GL is disabled, ANGLE is 
[0216/141806.101:INFO:CONSOLE(7)] "THREE.ColladaLoader: File version 1.4.0", source: file:///C:/Program%20Files/AnyLogic%208.9%20Personal%20Learning%20Edition/plugins/com.anylogic.graphics3d_8.9.7.202512121156/static/init.js (7)
[0216/141806.127:INFO:CONSOLE(13)] "Loaded: file:C:/Users/OLAOYE BUKOLA/OneDrive/Documents/VICTORY/PROJECTS/TRAFFIC_PROJECT/multi-citerion-decision-making-framework-for-the-control-of-4-junction-traffic-using-ai/mainTraffic/3d/building_1.dae", source: file:///C:/Program%20Files/AnyLogic%208.9%20Personal%20Learning%20Edition/plugins/com.anylogic.graphics3d_8.9.7.202512121156/static/init.js (13)
[0216/141806.137:INFO:CONSOLE(13)] "Loaded: file:C:/Users/OLAOYE BUKOLA/OneDrive/Documents/VICTORY/PROJECTS/TRAFFIC_PROJECT/multi-citerion-decision-making-framework-for-the-control-of-4-junction-traffic-using-ai/mainTraffic/3d/building_1.dae", source: file:///C:/Program%20Files/AnyLogic%208.9%20Personal%20Learning%20Edition/plugins/com.anylogic.graphics3d_8.9.7.202512121156/static/init.js (13)
[0216/141806.264:INFO:CONSOLE(7)] "THREE.ColladaLoader: File version 1.4.0", source: file:///C:/Program%20Files/AnyLogic%208.9%20Personal%20Learning%20Edition/plugins/com.anylogic.graphics3d_8.9.7.202512121156/static/init.js (7)
[0216/141806.288:INFO:CONSOLE(13)] "Loaded: file:C:/Users/OLAOYE BUKOLA/OneDrive/Documents/VICTORY/PROJECTS/TRAFFIC_PROJECT/multi-citerion-decision-making-framework-for-the-control-of-4-junction-traffic-using-ai/mainTraffic/3d/house.dae", source: file:///C:/Program%20Files/AnyLogic%208.9%20Personal%20Learning%20Edition/plugins/com.anylogic.graphics3d_8.9.7.202512121156/static/init.js (13)
[0216/141806.294:INFO:CONSOLE(13)] "Loaded: file:C:/Users/OLAOYE BUKOLA/OneDrive/Documents/VICTORY/PROJECTS/TRAFFIC_PROJECT/multi-citerion-decision-making-framework-for-the-control-of-4-junction-traffic-using-ai/mainTraffic/3d/house.dae", source: file:///C:/Program%20Files/AnyLogic%208.9%20Personal%20Learning%20Edition/plugins/com.anylogic.graphics3d_8.9.7.202512121156/static/init.js (13)
[0216/142122.670:INFO:CONSOLE(7)] "THREE.ColladaLoader: File version 1.4.0", source: file:///C:/Program%20Files/AnyLogic%208.9%20Personal%20Learning%20Edition/plugins/com.anylogic.graphics3d_8.9.7.202512121156/static/init.js (7)
[0216/142122.700:INFO:CONSOLE(13)] "Loaded: file:C:/Users/OLAOYE BUKOLA/OneDrive/Documents/VICTORY/PROJECTS/TRAFFIC_PROJECT/multi-citerion-decision-making-framework-for-the-control-of-4-junction-traffic-using-ai/mainTraffic/3d/building_1.dae", source: file:///C:/Program%20Files/AnyLogic%208.9%20Personal%20Learning%20Edition/plugins/com.anylogic.graphics3d_8.9.7.202512121156/static/init.js (13)
[0216/142122.708:INFO:CONSOLE(13)] "Loaded: file:C:/Users/OLAOYE BUKOLA/OneDrive/Documents/VICTORY/PROJECTS/TRAFFIC_PROJECT/multi-citerion-decision-making-framework-for-the-control-of-4-junction-traffic-using-ai/mainTraffic/3d/building_1.dae", source: file:///C:/Program%20Files/AnyLogic%208.9%20Personal%20Learning%20Edition/plugins/com.anylogic.graphics3d_8.9.7.202512121156/static/init.js (13)
[0216/142122.844:INFO:CONSOLE(7)] "THREE.ColladaLoader: File version 1.4.0", source: file:///C:/Program%20Files/AnyLogic%208.9%20Personal%20Learning%20Edition/plugins/com.anylogic.graphics3d_8.9.7.202512121156/static/init.js (7)
[0216/142122.869:INFO:CONSOLE(13)] "Loaded: file:C:/Users/OLAOYE BUKOLA/OneDrive/Documents/VICTORY/PROJECTS/TRAFFIC_PROJECT/multi-citerion-decision-making-framework-for-the-control-of-4-junction-traffic-using-ai/mainTraffic/3d/house.dae", source: file:///C:/Program%20Files/AnyLogic%208.9%20Personal%20Learning%20Edition/plugins/com.anylogic.graphics3d_8.9.7.202512121156/static/init.js (13)
[0216/142122.876:INFO:CONSOLE(13)] "Loaded: file:C:/Users/OLAOYE BUKOLA/OneDrive/Documents/VICTORY/PROJECTS/TRAFFIC_PROJECT/multi-citerion-decision-making-framework-for-the-control-of-4-junction-traffic-using-ai/mainTraffic/3d/house.dae", source: file:///C:/Program%20Files/AnyLogic%208.9%20Personal%20Learning%20Edition/plugins/com.anylogic.graphics3d_8.9.7.202512121156/static/init.js (13)
[0216/142320.449:ERROR:gpu_init.cc(523)] Passthrough is not supported, GL is disabled, ANGLE is 
[0216/142322.066:INFO:CONSOLE(13)] "Loaded: file:C:/Users/OLAOYE BUKOLA/OneDrive/Documents/VICTORY/PROJECTS/TRAFFIC_PROJECT/multi-citerion-decision-making-framework-for-the-control-of-4-junction-traffic-using-ai/mainTraffic/3d/building_1.dae", source: file:///C:/Program%20Files/AnyLogic%208.9%20Personal%20Learning%20Edition/plugins/com.anylogic.graphics3d_8.9.7.202512121156/static/init.js (13)
[0216/142322.143:INFO:CONSOLE(13)] "Loaded: file:C:/Users/OLAOYE BUKOLA/OneDrive/Documents/VICTORY/PROJECTS/TRAFFIC_PROJECT/multi-citerion-decision-making-framework-for-the-control-of-4-junction-traffic-using-ai/mainTraffic/3d/house.dae", source: file:///C:/Program%20Files/AnyLogic%208.9%20Personal%20Learning%20Edition/plugins/com.anylogic.graphics3d_8.9.7.202512121156/static/init.js (13)
[0216/144936.998:INFO:CONSOLE(7)] "THREE.ColladaLoader: File version 1.4.0", source: file:///C:/Program%20Files/AnyLogic%208.9%20Personal%20Learning%20Edition/plugins/com.anylogic.graphics3d_8.9.7.202512121156/static/init.js (7)
[0216/144937.057:INFO:CONSOLE(13)] "Loaded: file:C:/Users/OLAOYE BUKOLA/OneDrive/Documents/VICTORY/PROJECTS/TRAFFIC_PROJECT/multi-citerion-decision-making-framework-for-the-control-of-4-junction-traffic-using-ai/mainTraffic/3d/building_1.dae", source: file:///C:/Program%20Files/AnyLogic%208.9%20Personal%20Learning%20Edition/plugins/com.anylogic.graphics3d_8.9.7.202512121156/static/init.js (13)
[0216/144937.075:INFO:CONSOLE(13)] "Loaded: file:C:/Users/OLAOYE BUKOLA/OneDrive/Documents/VICTORY/PROJECTS/TRAFFIC_PROJECT/multi-citerion-decision-making-framework-for-the-control-of-4-junction-traffic-using-ai/mainTraffic/3d/building_1.dae", source: file:///C:/Program%20Files/AnyLogic%208.9%20Personal%20Learning%20Edition/plugins/com.anylogic.graphics3d_8.9.7.202512121156/static/init.js (13)
[0216/144937.233:INFO:CONSOLE(7)] "THREE.ColladaLoader: File version 1.4.0", source: file:///C:/Program%20Files/AnyLogic%208.9%20Personal%20Learning%20Edition/plugins/com.anylogic.graphics3d_8.9.7.202512121156/static/init.js (7)
[0216/144937.305:INFO:CONSOLE(13)] "Loaded: file:C:/Users/OLAOYE BUKOLA/OneDrive/Documents/VICTORY/PROJECTS/TRAFFIC_PROJECT/multi-citerion-decision-making-framework-for-the-control-of-4-junction-traffic-using-ai/mainTraffic/3d/house.dae", source: file:///C:/Program%20Files/AnyLogic%208.9%20Personal%20Learning%20Edition/plugins/com.anylogic.graphics3d_8.9.7.202512121156/static/init.js (13)
[0216/144937.333:INFO:CONSOLE(13)] "Loaded: file:C:/Users/OLAOYE BUKOLA/OneDrive/Documents/VICTORY/PROJECTS/TRAFFIC_PROJECT/multi-citerion-decision-making-framework-for-the-control-of-4-junction-traffic-using-ai/mainTraffic/3d/house.dae", source: file:///C:/Program%20Files/AnyLogic%208.9%20Personal%20Learning%20Edition/plugins/com.anylogic.graphics3d_8.9.7.202512121156/static/init.js (13)
[0216/145133.729:ERROR:gpu_init.cc(523)] Passthrough is not supported, GL is disabled, ANGLE is 
[0216/145848.620:INFO:CONSOLE(13)] "Loaded: file:C:/Users/OLAOYE BUKOLA/OneDrive/Documents/VICTORY/PROJECTS/TRAFFIC_PROJECT/multi-citerion-decision-making-framework-for-the-control-of-4-junction-traffic-using-ai/mainTraffic/3d/building_1.dae", source: file:///C:/Program%20Files/AnyLogic%208.9%20Personal%20Learning%20Edition/plugins/com.anylogic.graphics3d_8.9.7.202512121156/static/init.js (13)
[0216/145848.643:INFO:CONSOLE(13)] "Loaded: file:C:/Users/OLAOYE BUKOLA/OneDrive/Documents/VICTORY/PROJECTS/TRAFFIC_PROJECT/multi-citerion-decision-making-framework-for-the-control-of-4-junction-traffic-using-ai/mainTraffic/3d/house.dae", source: file:///C:/Program%20Files/AnyLogic%208.9%20Personal%20Learning%20Edition/plugins/com.anylogic.graphics3d_8.9.7.202512121156/static/init.js (13)
[0216/153128.988:INFO:CONSOLE(7)] "THREE.ColladaLoader: File version 1.4.0", source: file:///C:/Program%20Files/AnyLogic%208.9%20Personal%20Learning%20Edition/plugins/com.anylogic.graphics3d_8.9.7.202512121156/static/init.js (7)
[0216/153129.020:INFO:CONSOLE(13)] "Loaded: file:C:/Users/OLAOYE BUKOLA/OneDrive/Documents/VICTORY/PROJECTS/TRAFFIC_PROJECT/multi-citerion-decision-making-framework-for-the-control-of-4-junction-traffic-using-ai/mainTraffic/3d/building_1.dae", source: file:///C:/Program%20Files/AnyLogic%208.9%20Personal%20Learning%20Edition/plugins/com.anylogic.graphics3d_8.9.7.202512121156/static/init.js (13)
[0216/153129.029:INFO:CONSOLE(13)] "Loaded: file:C:/Users/OLAOYE BUKOLA/OneDrive/Documents/VICTORY/PROJECTS/TRAFFIC_PROJECT/multi-citerion-decision-making-framework-for-the-control-of-4-junction-traffic-using-ai/mainTraffic/3d/building_1.dae", source: file:///C:/Program%20Files/AnyLogic%208.9%20Personal%20Learning%20Edition/plugins/com.anylogic.graphics3d_8.9.7.202512121156/static/init.js (13)
[0216/153129.193:INFO:CONSOLE(7)] "THREE.ColladaLoader: File version 1.4.0", source: file:///C:/Program%20Files/AnyLogic%208.9%20Personal%20Learning%20Edition/plugins/com.anylogic.graphics3d_8.9.7.202512121156/static/init.js (7)
[0216/153129.218:INFO:CONSOLE(13)] "Loaded: file:C:/Users/OLAOYE BUKOLA/OneDrive/Documents/VICTORY/PROJECTS/TRAFFIC_PROJECT/multi-citerion-decision-making-framework-for-the-control-of-4-junction-traffic-using-ai/mainTraffic/3d/house.dae", source: file:///C:/Program%20Files/AnyLogic%208.9%20Personal%20Learning%20Edition/plugins/com.anylogic.graphics3d_8.9.7.202512121156/static/init.js (13)
[0216/153129.227:INFO:CONSOLE(13)] "Loaded: file:C:/Users/OLAOYE BUKOLA/OneDrive/Documents/VICTORY/PROJECTS/TRAFFIC_PROJECT/multi-citerion-decision-making-framework-for-the-control-of-4-junction-traffic-using-ai/mainTraffic/3d/house.dae", source: file:///C:/Program%20Files/AnyLogic%208.9%20Personal%20Learning%20Edition/plugins/com.anylogic.graphics3d_8.9.7.202512121156/static/init.js (13)
[0216/153326.547:ERROR:gpu_init.cc(523)] Passthrough is not supported, GL is disabled, ANGLE is 
[0216/153412.498:INFO:CONSOLE(13)] "Loaded: file:C:/Users/OLAOYE BUKOLA/OneDrive/Documents/VICTORY/PROJECTS/TRAFFIC_PROJECT/multi-citerion-decision-making-framework-for-the-control-of-4-junction-traffic-using-ai/mainTraffic/3d/building_1.dae", source: file:///C:/Program%20Files/AnyLogic%208.9%20Personal%20Learning%20Edition/plugins/com.anylogic.graphics3d_8.9.7.202512121156/static/init.js (13)
[0216/153412.533:INFO:CONSOLE(13)] "Loaded: file:C:/Users/OLAOYE BUKOLA/OneDrive/Documents/VICTORY/PROJECTS/TRAFFIC_PROJECT/multi-citerion-decision-making-framework-for-the-control-of-4-junction-traffic-using-ai/mainTraffic/3d/house.dae", source: file:///C:/Program%20Files/AnyLogic%208.9%20Personal%20Learning%20Edition/plugins/com.anylogic.graphics3d_8.9.7.202512121156/static/init.js (13)
[0216/153735.155:INFO:CONSOLE(7)] "THREE.ColladaLoader: File version 1.4.0", source: file:///C:/Program%20Files/AnyLogic%208.9%20Personal%20Learning%20Edition/plugins/com.anylogic.graphics3d_8.9.7.202512121156/static/init.js (7)
[0216/153735.214:INFO:CONSOLE(13)] "Loaded: file:C:/Users/OLAOYE BUKOLA/OneDrive/Documents/VICTORY/PROJECTS/TRAFFIC_PROJECT/multi-citerion-decision-making-framework-for-the-control-of-4-junction-traffic-using-ai/mainTraffic/3d/building_1.dae", source: file:///C:/Program%20Files/AnyLogic%208.9%20Personal%20Learning%20Edition/plugins/com.anylogic.graphics3d_8.9.7.202512121156/static/init.js (13)
[0216/153735.226:INFO:CONSOLE(13)] "Loaded: file:C:/Users/OLAOYE BUKOLA/OneDrive/Documents/VICTORY/PROJECTS/TRAFFIC_PROJECT/multi-citerion-decision-making-framework-for-the-control-of-4-junction-traffic-using-ai/mainTraffic/3d/building_1.dae", source: file:///C:/Program%20Files/AnyLogic%208.9%20Personal%20Learning%20Edition/plugins/com.anylogic.graphics3d_8.9.7.202512121156/static/init.js (13)
[0216/153735.393:INFO:CONSOLE(7)] "THREE.ColladaLoader: File version 1.4.0", source: file:///C:/Program%20Files/AnyLogic%208.9%20Personal%20Learning%20Edition/plugins/com.anylogic.graphics3d_8.9.7.202512121156/static/init.js (7)
[0216/153735.444:INFO:CONSOLE(13)] "Loaded: file:C:/Users/OLAOYE BUKOLA/OneDrive/Documents/VICTORY/PROJECTS/TRAFFIC_PROJECT/multi-citerion-decision-making-framework-for-the-control-of-4-junction-traffic-using-ai/mainTraffic/3d/house.dae", source: file:///C:/Program%20Files/AnyLogic%208.9%20Personal%20Learning%20Edition/plugins/com.anylogic.graphics3d_8.9.7.202512121156/static/init.js (13)
[0216/153735.463:INFO:CONSOLE(13)] "Loaded: file:C:/Users/OLAOYE BUKOLA/OneDrive/Documents/VICTORY/PROJECTS/TRAFFIC_PROJECT/multi-citerion-decision-making-framework-for-the-control-of-4-junction-traffic-using-ai/mainTraffic/3d/house.dae", source: file:///C:/Program%20Files/AnyLogic%208.9%20Personal%20Learning%20Edition/plugins/com.anylogic.graphics3d_8.9.7.202512121156/static/init.js (13)
[0216/153932.412:ERROR:gpu_init.cc(523)] Passthrough is not supported, GL is disabled, ANGLE is 
[0216/154036.953:WARNING:dns_config_service_win.cc(583)] Failed to read DnsConfig.
[0216/154036.968:WARNING:dns_config_service_win.cc(583)] Failed to read DnsConfig.
[0216/154041.970:WARNING:dns_config_service_win.cc(583)] Failed to read DnsConfig.
[0216/154041.987:WARNING:dns_config_service_win.cc(583)] Failed to read DnsConfig.
[0216/154051.981:WARNING:dns_config_service_win.cc(583)] Failed to read DnsConfig.
[0216/154052.002:WARNING:dns_config_service_win.cc(583)] Failed to read DnsConfig.
[0216/154111.998:WARNING:dns_config_service_win.cc(583)] Failed to read DnsConfig.
[0216/154112.016:WARNING:dns_config_service_win.cc(583)] Failed to read DnsConfig.
[0216/175452.429:INFO:CONSOLE(7)] "THREE.ColladaLoader: File version 1.4.0", source: file:///C:/Program%20Files/AnyLogic%208.9%20Personal%20Learning%20Edition/plugins/com.anylogic.graphics3d_8.9.7.202512121156/static/init.js (7)
[0216/175452.474:INFO:CONSOLE(13)] "Loaded: file:C:/Users/OLAOYE BUKOLA/OneDrive/Documents/VICTORY/PROJECTS/TRAFFIC_PROJECT/multi-citerion-decision-making-framework-for-the-control-of-4-junction-traffic-using-ai/mainTraffic/3d/building_1.dae", source: file:///C:/Program%20Files/AnyLogic%208.9%20Personal%20Learning%20Edition/plugins/com.anylogic.graphics3d_8.9.7.202512121156/static/init.js (13)
[0216/175452.676:INFO:CONSOLE(7)] "THREE.ColladaLoader: File version 1.4.0", source: file:///C:/Program%20Files/AnyLogic%208.9%20Personal%20Learning%20Edition/plugins/com.anylogic.graphics3d_8.9.7.202512121156/static/init.js (7)
[0216/175452.714:INFO:CONSOLE(13)] "Loaded: file:C:/Users/OLAOYE BUKOLA/OneDrive/Documents/VICTORY/PROJECTS/TRAFFIC_PROJECT/multi-citerion-decision-making-framework-for-the-control-of-4-junction-traffic-using-ai/mainTraffic/3d/house.dae", source: file:///C:/Program%20Files/AnyLogic%208.9%20Personal%20Learning%20Edition/plugins/com.anylogic.graphics3d_8.9.7.202512121156/static/init.js (13)
[0216/175649.169:ERROR:gpu_init.cc(523)] Passthrough is not supported, GL is disabled, ANGLE is 
[0216/190620.289:INFO:CONSOLE(7)] "THREE.ColladaLoader: File version 1.4.0", source: file:///C:/Program%20Files/AnyLogic%208.9%20Personal%20Learning%20Edition/plugins/com.anylogic.graphics3d_8.9.7.202512121156/static/init.js (7)
[0216/190620.348:INFO:CONSOLE(13)] "Loaded: file:C:/Users/OLAOYE BUKOLA/OneDrive/Documents/VICTORY/PROJECTS/TRAFFIC_PROJECT/multi-citerion-decision-making-framework-for-the-control-of-4-junction-traffic-using-ai/mainTraffic/3d/building_1.dae", source: file:///C:/Program%20Files/AnyLogic%208.9%20Personal%20Learning%20Edition/plugins/com.anylogic.graphics3d_8.9.7.202512121156/static/init.js (13)
[0216/190620.357:INFO:CONSOLE(13)] "Loaded: file:C:/Users/OLAOYE BUKOLA/OneDrive/Documents/VICTORY/PROJECTS/TRAFFIC_PROJECT/multi-citerion-decision-making-framework-for-the-control-of-4-junction-traffic-using-ai/mainTraffic/3d/building_1.dae", source: file:///C:/Program%20Files/AnyLogic%208.9%20Personal%20Learning%20Edition/plugins/com.anylogic.graphics3d_8.9.7.202512121156/static/init.js (13)
[0216/190620.491:INFO:CONSOLE(7)] "THREE.ColladaLoader: File version 1.4.0", source: file:///C:/Program%20Files/AnyLogic%208.9%20Personal%20Learning%20Edition/plugins/com.anylogic.graphics3d_8.9.7.202512121156/static/init.js (7)
[0216/190620.520:INFO:CONSOLE(13)] "Loaded: file:C:/Users/OLAOYE BUKOLA/OneDrive/Documents/VICTORY/PROJECTS/TRAFFIC_PROJECT/multi-citerion-decision-making-framework-for-the-control-of-4-junction-traffic-using-ai/mainTraffic/3d/house.dae", source: file:///C:/Program%20Files/AnyLogic%208.9%20Personal%20Learning%20Edition/plugins/com.anylogic.graphics3d_8.9.7.202512121156/static/init.js (13)
[0216/190620.526:INFO:CONSOLE(13)] "Loaded: file:C:/Users/OLAOYE BUKOLA/OneDrive/Documents/VICTORY/PROJECTS/TRAFFIC_PROJECT/multi-citerion-decision-making-framework-for-the-control-of-4-junction-traffic-using-ai/mainTraffic/3d/house.dae", source: file:///C:/Program%20Files/AnyLogic%208.9%20Personal%20Learning%20Edition/plugins/com.anylogic.graphics3d_8.9.7.202512121156/static/init.js (13)
[0216/190818.096:ERROR:gpu_init.cc(523)] Passthrough is not supported, GL is disabled, ANGLE is 
[0216/192918.585:INFO:CONSOLE(7)] "THREE.ColladaLoader: File version 1.4.0", source: file:///C:/Program%20Files/AnyLogic%208.9%20Personal%20Learning%20Edition/plugins/com.anylogic.graphics3d_8.9.7.202512121156/static/init.js (7)
[0216/192918.626:INFO:CONSOLE(13)] "Loaded: file:C:/Users/OLAOYE BUKOLA/OneDrive/Documents/VICTORY/PROJECTS/TRAFFIC_PROJECT/multi-citerion-decision-making-framework-for-the-control-of-4-junction-traffic-using-ai/mainTraffic/3d/building_1.dae", source: file:///C:/Program%20Files/AnyLogic%208.9%20Personal%20Learning%20Edition/plugins/com.anylogic.graphics3d_8.9.7.202512121156/static/init.js (13)
[0216/192918.781:INFO:CONSOLE(7)] "THREE.ColladaLoader: File version 1.4.0", source: file:///C:/Program%20Files/AnyLogic%208.9%20Personal%20Learning%20Edition/plugins/com.anylogic.graphics3d_8.9.7.202512121156/static/init.js (7)
[0216/192918.816:INFO:CONSOLE(13)] "Loaded: file:C:/Users/OLAOYE BUKOLA/OneDrive/Documents/VICTORY/PROJECTS/TRAFFIC_PROJECT/multi-citerion-decision-making-framework-for-the-control-of-4-junction-traffic-using-ai/mainTraffic/3d/house.dae", source: file:///C:/Program%20Files/AnyLogic%208.9%20Personal%20Learning%20Edition/plugins/com.anylogic.graphics3d_8.9.7.202512121156/static/init.js (13)
[0216/193116.198:ERROR:gpu_init.cc(523)] Passthrough is not supported, GL is disabled, ANGLE is 
